<?xml version="1.0" encoding="UTF-8"?>
<!-- Generated by org.testng.reporters.JUnitReportReporter -->
<testsuite hostname="swarup-PC" name="test.dbs.scripts.MyTestCase" tests="1" failures="0" timestamp="6 Dec 2016 16:57:49 GMT" time="21.904" errors="0">
  <testcase name="MyTestCase1" time="21.904" classname="test.dbs.scripts.MyTestCase"/>
</testsuite> <!-- test.dbs.scripts.MyTestCase -->
